<?xml version='1.0'?>
<ns2:test-suite xmlns:ns2='urn:model.allure.qatools.yandex.ru' start='1656948264387' stop='1656948384411'>
    <name>Ikman.lk</name>
    <title>Ikman.lk</title>
    <test-cases>
        <test-case start='1656948264387' status='broken' stop='1656948324398'>
            <name>test the page is loading</name>
            <title>test the page is loading</title>
            <labels>
                <label name='language' value='javascript'/>
                <label name='framework' value='wdio'/>
                <label name='thread' value='0-0'/>
            </labels>
            <parameters>
                <parameter kind='argument' name='browser' value='chrome-103.0.5060.66'/>
            </parameters>
            <steps>
                <step start='1656948264389' status='broken' stop='1656948324398'>
                    <name>POST /session/:sessionId/url</name>
                    <title>POST /session/:sessionId/url</title>
                    <attachments>
                        <attachment title='Request' source='ea587dd0-15d3-4849-8c3c-f6c96134d28e-attachment.json' type='application/json' size='36'/>
                    </attachments>
                    <steps>
                        <step start='1656948293818' status='broken' stop='1656948324398'>
                            <name>GET /session/:sessionId/screenshot</name>
                            <title>GET /session/:sessionId/screenshot</title>
                            <attachments/>
                            <steps/>
                        </step>
                    </steps>
                </step>
            </steps>
            <attachments/>
            <failure>
                <message>Timeout of 60000ms exceeded. The execution in the test "Ikman.lk test the page is loading" took too long. Try to reduce the run time or increase your timeout for test specs (https://webdriver.io/docs/timeouts). (C:\Users\Prasanga Fernando\WebstormProjects\ReadWriteXLSX\test\specs\example.e2e.ts)</message>
                <stack-trace>Error: Timeout of 60000ms exceeded. The execution in the test "Ikman.lk test the page is loading" took too long. Try to reduce the run time or increase your timeout for test specs (https://webdriver.io/docs/timeouts). (C:\Users\Prasanga Fernando\WebstormProjects\ReadWriteXLSX\test\specs\example.e2e.ts)
                    at createTimeoutError (C:\Users\Prasanga Fernando\WebstormProjects\ReadWriteXLSX\node_modules\mocha\lib\errors.js:498:15)
                    at Test.Runnable._timeoutError (C:\Users\Prasanga Fernando\WebstormProjects\ReadWriteXLSX\node_modules\mocha\lib\runnable.js:431:10)
                    at Timeout.&lt;anonymous> (C:\Users\Prasanga Fernando\WebstormProjects\ReadWriteXLSX\node_modules\mocha\lib\runnable.js:246:24)
                    at listOnTimeout (internal/timers.js:557:17)
                    at processTimers (internal/timers.js:500:7)</stack-trace>
            </failure>
        </test-case>
        <test-case start='1656948324399' status='broken' stop='1656948384411'>
            <name>test user can search cars </name>
            <title>test user can search cars </title>
            <labels>
                <label name='language' value='javascript'/>
                <label name='framework' value='wdio'/>
                <label name='thread' value='0-0'/>
            </labels>
            <parameters>
                <parameter kind='argument' name='browser' value='chrome-103.0.5060.66'/>
            </parameters>
            <steps>
                <step start='1656948324400' status='broken' stop='1656948384411'>
                    <name>POST /session/:sessionId/element</name>
                    <title>POST /session/:sessionId/element</title>
                    <attachments>
                        <attachment title='Request' source='e9f2d4e0-3c91-4762-a142-e01a01c9642a-attachment.json' type='application/json' size='68'/>
                    </attachments>
                    <steps/>
                </step>
            </steps>
            <attachments/>
            <failure>
                <message>Timeout of 60000ms exceeded. The execution in the test "Ikman.lk test user can search cars " took too long. Try to reduce the run time or increase your timeout for test specs (https://webdriver.io/docs/timeouts). (C:\Users\Prasanga Fernando\WebstormProjects\ReadWriteXLSX\test\specs\example.e2e.ts)</message>
                <stack-trace>Error: Timeout of 60000ms exceeded. The execution in the test "Ikman.lk test user can search cars " took too long. Try to reduce the run time or increase your timeout for test specs (https://webdriver.io/docs/timeouts). (C:\Users\Prasanga Fernando\WebstormProjects\ReadWriteXLSX\test\specs\example.e2e.ts)
                    at createTimeoutError (C:\Users\Prasanga Fernando\WebstormProjects\ReadWriteXLSX\node_modules\mocha\lib\errors.js:498:15)
                    at Test.Runnable._timeoutError (C:\Users\Prasanga Fernando\WebstormProjects\ReadWriteXLSX\node_modules\mocha\lib\runnable.js:431:10)
                    at Timeout.&lt;anonymous> (C:\Users\Prasanga Fernando\WebstormProjects\ReadWriteXLSX\node_modules\mocha\lib\runnable.js:246:24)
                    at listOnTimeout (internal/timers.js:557:17)
                    at processTimers (internal/timers.js:500:7)</stack-trace>
            </failure>
        </test-case>
    </test-cases>
</ns2:test-suite>